0 info it worked if it ends with ok
1 verbose cli [ 'C:\\Program Files\\nodejs\\node.exe',
1 verbose cli   'C:\\Program Files\\nodejs\\node_modules\\npm\\bin\\npm-cli.js',
1 verbose cli   'run',
1 verbose cli   'serve' ]
2 info using npm@3.10.10
3 info using node@v6.11.5
4 verbose run-script [ 'preserve', 'serve', 'postserve' ]
5 info lifecycle xz_admin_v2@0.1.0~preserve: xz_admin_v2@0.1.0
6 silly lifecycle xz_admin_v2@0.1.0~preserve: no script for preserve, continuing
7 info lifecycle xz_admin_v2@0.1.0~serve: xz_admin_v2@0.1.0
8 verbose lifecycle xz_admin_v2@0.1.0~serve: unsafe-perm in lifecycle true
9 verbose lifecycle xz_admin_v2@0.1.0~serve: PATH: C:\Program Files\nodejs\node_modules\npm\bin\node-gyp-bin;E:\vue\Vue项目空白模板\xz_admin_v2\node_modules\.bin;C:\Windows\system32;C:\Windows;C:\Windows\System32\Wbem;C:\Windows\System32\WindowsPowerShell\v1.0\;C:\Program Files\Redis\;C:\Program Files\VisualSVN Server\bin;C:\Program Files\TortoiseSVN\bin;C:\Program Files\nodejs\;C:\Program Files (x86)\Intel\OpenCL SDK\2.0\bin\x86;C:\Program Files (x86)\Intel\OpenCL SDK\2.0\bin\x64;C:\Program Files\Redis;C:\xampp\php;C:\Program Files\Java\jdk1.7.0_45\bin;C:\Users\admin\AppData\Roaming\npm;C:\Program Files\Microsoft VS Code\bin
10 verbose lifecycle xz_admin_v2@0.1.0~serve: CWD: E:\vue\Vue项目空白模板\xz_admin_v2
11 silly lifecycle xz_admin_v2@0.1.0~serve: Args: [ '/d /s /c', 'vue-cli-service serve' ]
12 silly lifecycle xz_admin_v2@0.1.0~serve: Returned: code: 1  signal: null
13 info lifecycle xz_admin_v2@0.1.0~serve: Failed to exec serve script
14 verbose stack Error: xz_admin_v2@0.1.0 serve: `vue-cli-service serve`
14 verbose stack Exit status 1
14 verbose stack     at EventEmitter.<anonymous> (C:\Program Files\nodejs\node_modules\npm\lib\utils\lifecycle.js:255:16)
14 verbose stack     at emitTwo (events.js:106:13)
14 verbose stack     at EventEmitter.emit (events.js:191:7)
14 verbose stack     at ChildProcess.<anonymous> (C:\Program Files\nodejs\node_modules\npm\lib\utils\spawn.js:40:14)
14 verbose stack     at emitTwo (events.js:106:13)
14 verbose stack     at ChildProcess.emit (events.js:191:7)
14 verbose stack     at maybeClose (internal/child_process.js:920:16)
14 verbose stack     at Process.ChildProcess._handle.onexit (internal/child_process.js:230:5)
15 verbose pkgid xz_admin_v2@0.1.0
16 verbose cwd E:\vue\Vue项目空白模板\xz_admin_v2
17 error Windows_NT 6.1.7601
18 error argv "C:\\Program Files\\nodejs\\node.exe" "C:\\Program Files\\nodejs\\node_modules\\npm\\bin\\npm-cli.js" "run" "serve"
19 error node v6.11.5
20 error npm  v3.10.10
21 error code ELIFECYCLE
22 error xz_admin_v2@0.1.0 serve: `vue-cli-service serve`
22 error Exit status 1
23 error Failed at the xz_admin_v2@0.1.0 serve script 'vue-cli-service serve'.
23 error Make sure you have the latest version of node.js and npm installed.
23 error If you do, this is most likely a problem with the xz_admin_v2 package,
23 error not with npm itself.
23 error Tell the author that this fails on your system:
23 error     vue-cli-service serve
23 error You can get information on how to open an issue for this project with:
23 error     npm bugs xz_admin_v2
23 error Or if that isn't available, you can get their info via:
23 error     npm owner ls xz_admin_v2
23 error There is likely additional logging output above.
24 verbose exit [ 1, true ]
